<?xml version="1.0" encoding="UTF-8"?>
<testng-results skipped="0" failed="0" total="1" passed="1">
  <reporter-output>
  </reporter-output>
  <suite name="Default suite" duration-ms="4621" started-at="2015-08-19T12:21:32Z" finished-at="2015-08-19T12:21:36Z">
    <groups>
    </groups>
    <test name="Default test" duration-ms="4621" started-at="2015-08-19T12:21:32Z" finished-at="2015-08-19T12:21:36Z">
      <class name="TestClass">
        <test-method status="PASS" signature="testlog()[pri:0, instance:TestClass@998c805]" name="testlog" is-config="true" duration-ms="4356" started-at="2015-08-19T17:51:32Z" finished-at="2015-08-19T17:51:36Z">
          <reporter-output>
          </reporter-output>
        </test-method> <!-- testlog -->
        <test-method status="PASS" signature="testcheck()[pri:0, instance:TestClass@998c805]" name="testcheck" duration-ms="111" started-at="2015-08-19T17:51:36Z" finished-at="2015-08-19T17:51:36Z">
          <reporter-output>
          </reporter-output>
        </test-method> <!-- testcheck -->
        <test-method status="PASS" signature="testend()[pri:0, instance:TestClass@998c805]" name="testend" is-config="true" duration-ms="141" started-at="2015-08-19T17:51:36Z" finished-at="2015-08-19T17:51:36Z">
          <reporter-output>
          </reporter-output>
        </test-method> <!-- testend -->
      </class> <!-- TestClass -->
    </test> <!-- Default test -->
  </suite> <!-- Default suite -->
</testng-results>
